<?xml version="1.0" encoding="UTF-8"?>
<robot generator="Robot 4.1.3 (Python 3.10.1 on win32)" generated="20220328 17:25:42.804" rpa="false" schemaversion="2">
<suite id="s1" name="DataDrivencsv" source="C:\Users\a-pustovoitaite\robot-scripts\Youtube_Course_Project\TestCases\TestsDataDriven\DataDrivencsv.robot">
<kw name="Start TestSuite" library="CommonFunctionality" type="SETUP">
<kw name="Open Browser" library="SeleniumLibrary">
<arg>${url.${env}}</arg>
<arg>${browser}[0]</arg>
<doc>Opens a new browser instance to the optional ``url``.</doc>
<msg timestamp="20220328 17:25:43.107" level="INFO">Opening browser 'chrome' to base url 'https://www.barkyn.com/checkout/login'.</msg>
<status status="PASS" starttime="20220328 17:25:43.106" endtime="20220328 17:25:48.392"/>
</kw>
<kw name="Maximize Browser Window" library="SeleniumLibrary">
<doc>Maximizes current browser window.</doc>
<status status="PASS" starttime="20220328 17:25:48.392" endtime="20220328 17:25:48.584"/>
</kw>
<status status="PASS" starttime="20220328 17:25:43.106" endtime="20220328 17:25:48.584"/>
</kw>
<test id="s1-t1" name="Verify login fails with invalid credits">
<kw name="Invalid login scenarios">
<arg>barkyn@gmail.com</arg>
<arg>123456</arg>
<arg>Algo de errado aconteceu. Verifique o email ou palavra-passe por favor</arg>
<kw name="Set Selenium Speed" library="SeleniumLibrary">
<arg>1s</arg>
<doc>Sets the delay that is waited after each Selenium command.</doc>
<status status="PASS" starttime="20220328 17:25:48.590" endtime="20220328 17:25:48.591"/>
</kw>
<kw name="Input Text" library="SeleniumLibrary">
<arg>id:email</arg>
<arg>${useremail}</arg>
<arg>clear=True</arg>
<doc>Types the given ``text`` into the text field identified by ``locator``.</doc>
<msg timestamp="20220328 17:25:48.592" level="INFO">Typing text 'barkyn@gmail.com' into text field 'id:email'.</msg>
<status status="PASS" starttime="20220328 17:25:48.591" endtime="20220328 17:25:52.100"/>
</kw>
<kw name="Input Text" library="SeleniumLibrary">
<arg>id:password</arg>
<arg>${password}</arg>
<arg>clear=True</arg>
<doc>Types the given ``text`` into the text field identified by ``locator``.</doc>
<msg timestamp="20220328 17:25:52.100" level="INFO">Typing text '123456' into text field 'id:password'.</msg>
<status status="PASS" starttime="20220328 17:25:52.100" endtime="20220328 17:25:55.390"/>
</kw>
<kw name="Click Button" library="SeleniumLibrary">
<arg>${loginbutton}</arg>
<doc>Clicks the button identified by ``locator``.</doc>
<msg timestamp="20220328 17:25:55.391" level="INFO">Clicking button 'xpath://*[@id="__next"]/section/section/section[1]/div/div[2]/form/button[1]'.</msg>
<status status="PASS" starttime="20220328 17:25:55.390" endtime="20220328 17:26:00.530"/>
</kw>
<kw name="Page Should Contain" library="SeleniumLibrary">
<arg>${errormessage}</arg>
<doc>Verifies that current page contains ``text``.</doc>
<msg timestamp="20220328 17:26:02.554" level="INFO">Current page contains text 'Algo de errado aconteceu. Verifique o email ou palavra-passe por favor'.</msg>
<status status="PASS" starttime="20220328 17:26:00.530" endtime="20220328 17:26:02.554"/>
</kw>
<status status="PASS" starttime="20220328 17:25:48.590" endtime="20220328 17:26:02.555"/>
</kw>
<status status="PASS" starttime="20220328 17:25:48.585" endtime="20220328 17:26:02.555"/>
</test>
<test id="s1-t2" name="Verify login fails with invalid credits">
<kw name="Invalid login scenarios">
<arg>barkyn@gmail</arg>
<arg>123456</arg>
<arg>Email invÃ¡lido</arg>
<kw name="Set Selenium Speed" library="SeleniumLibrary">
<arg>1s</arg>
<doc>Sets the delay that is waited after each Selenium command.</doc>
<status status="PASS" starttime="20220328 17:26:02.559" endtime="20220328 17:26:02.559"/>
</kw>
<kw name="Input Text" library="SeleniumLibrary">
<arg>id:email</arg>
<arg>${useremail}</arg>
<arg>clear=True</arg>
<doc>Types the given ``text`` into the text field identified by ``locator``.</doc>
<msg timestamp="20220328 17:26:02.559" level="INFO">Typing text 'barkyn@gmail' into text field 'id:email'.</msg>
<status status="PASS" starttime="20220328 17:26:02.559" endtime="20220328 17:26:05.881"/>
</kw>
<kw name="Input Text" library="SeleniumLibrary">
<arg>id:password</arg>
<arg>${password}</arg>
<arg>clear=True</arg>
<doc>Types the given ``text`` into the text field identified by ``locator``.</doc>
<msg timestamp="20220328 17:26:05.882" level="INFO">Typing text '123456' into text field 'id:password'.</msg>
<status status="PASS" starttime="20220328 17:26:05.882" endtime="20220328 17:26:09.059"/>
</kw>
<kw name="Click Button" library="SeleniumLibrary">
<arg>${loginbutton}</arg>
<doc>Clicks the button identified by ``locator``.</doc>
<msg timestamp="20220328 17:26:09.060" level="INFO">Clicking button 'xpath://*[@id="__next"]/section/section/section[1]/div/div[2]/form/button[1]'.</msg>
<status status="PASS" starttime="20220328 17:26:09.059" endtime="20220328 17:26:14.158"/>
</kw>
<kw name="Page Should Contain" library="SeleniumLibrary">
<arg>${errormessage}</arg>
<doc>Verifies that current page contains ``text``.</doc>
<msg timestamp="20220328 17:26:30.714" level="INFO" html="true">&lt;/td&gt;&lt;/tr&gt;&lt;tr&gt;&lt;td colspan="3"&gt;&lt;a href="selenium-screenshot-1.png"&gt;&lt;img src="selenium-screenshot-1.png" width="800px"&gt;&lt;/a&gt;</msg>
<msg timestamp="20220328 17:26:30.729" level="FAIL">StaleElementReferenceException: Message: stale element reference: element is not attached to the page document
  (Session info: chrome=99.0.4844.82)
Stacktrace:
Backtrace:
	Ordinal0 [0x00A069A3+2582947]
	Ordinal0 [0x0099A6D1+2139857]
	Ordinal0 [0x00893A98+1063576]
	Ordinal0 [0x008962B7+1073847]
	Ordinal0 [0x0089617E+1073534]
	Ordinal0 [0x008963F0+1074160]
	Ordinal0 [0x008C1B3C+1252156]
	Ordinal0 [0x008E93DA+1414106]
	Ordinal0 [0x008D854C+1344844]
	Ordinal0 [0x008E834A+1409866]
	Ordinal0 [0x008D8366+1344358]
	Ordinal0 [0x008B5176+1200502]
	Ordinal0 [0x008B6066+1204326]
	GetHandleVerifier [0x00BABE02+1675858]
	GetHandleVerifier [0x00C6036C+2414524]
	GetHandleVerifier [0x00A9BB01+560977]
	GetHandleVerifier [0x00A9A8D3+556323]
	Ordinal0 [0x009A020E+2163214]
	Ordinal0 [0x009A5078+2183288]
	Ordinal0 [0x009A51C0+2183616]
	Ordinal0 [0x009AEE1C+2223644]
	BaseThreadInitThunk [0x76F1FA29+25]
	RtlGetAppContainerNamedObjectPath [0x771B7A7E+286]
	RtlGetAppContainerNamedObjectPath [0x771B7A4E+238]
</msg>
<status status="FAIL" starttime="20220328 17:26:14.158" endtime="20220328 17:26:30.729"/>
</kw>
<status status="FAIL" starttime="20220328 17:26:02.559" endtime="20220328 17:26:30.730"/>
</kw>
<status status="FAIL" starttime="20220328 17:26:02.557" endtime="20220328 17:26:30.730">StaleElementReferenceException: Message: stale element reference: element is not attached to the page document
  (Session info: chrome=99.0.4844.82)
Stacktrace:
Backtrace:
	Ordinal0 [0x00A069A3+2582947]
	Ordinal0 [0x0099A6D1+2139857]
	Ordinal0 [0x00893A98+1063576]
	Ordinal0 [0x008962B7+1073847]
	Ordinal0 [0x0089617E+1073534]
	Ordinal0 [0x008963F0+1074160]
	Ordinal0 [0x008C1B3C+1252156]
	Ordinal0 [0x008E93DA+1414106]
	Ordinal0 [0x008D854C+1344844]
	Ordinal0 [0x008E834A+1409866]
	Ordinal0 [0x008D8366+1344358]
	Ordinal0 [0x008B5176+1200502]
	Ordinal0 [0x008B6066+1204326]
	GetHandleVerifier [0x00BABE02+1675858]
	GetHandleVerifier [0x00C6036C+2414524]
	GetHandleVerifier [0x00A9BB01+560977]
	GetHandleVerifier [0x00A9A8D3+556323]
	Ordinal0 [0x009A020E+2163214]
	Ordinal0 [0x009A5078+2183288]
	Ordinal0 [0x009A51C0+2183616]
	Ordinal0 [0x009AEE1C+2223644]
	BaseThreadInitThunk [0x76F1FA29+25]
	RtlGetAppContainerNamedObjectPath [0x771B7A7E+286]
	RtlGetAppContainerNamedObjectPath [0x771B7A4E+238]
</status>
</test>
<kw name="Finish TestSuite" library="CommonFunctionality" type="TEARDOWN">
<kw name="Close Browser" library="SeleniumLibrary">
<doc>Closes the current browser.</doc>
<status status="PASS" starttime="20220328 17:26:30.734" endtime="20220328 17:26:33.810"/>
</kw>
<status status="PASS" starttime="20220328 17:26:30.734" endtime="20220328 17:26:33.810"/>
</kw>
<status status="FAIL" starttime="20220328 17:25:42.806" endtime="20220328 17:26:33.810"/>
</suite>
<statistics>
<total>
<stat pass="1" fail="1" skip="0">All Tests</stat>
</total>
<tag>
</tag>
<suite>
<stat pass="1" fail="1" skip="0" id="s1" name="DataDrivencsv">DataDrivencsv</stat>
</suite>
</statistics>
<errors>
<msg timestamp="20220328 17:26:02.557" level="WARN">Multiple test cases with name 'Verify login fails with invalid credits' executed in test suite 'DataDrivencsv'.</msg>
</errors>
</robot>
